2020-04-22 | 09:18:56.081 [restartedMain] INFO  c.s.app.SpringMessagingApplication | Starting SpringMessagingApplication on DESKTOP-OGS95GR with PID 5924 (D:\Solum\spring-integration\target\classes started by solum20 in D:\Solum\spring-integration)
2020-04-22 | 09:18:56.082 [restartedMain] DEBUG c.s.app.SpringMessagingApplication | Running with Spring Boot v2.2.6.RELEASE, Spring v5.2.5.RELEASE
2020-04-22 | 09:18:56.083 [restartedMain] INFO  c.s.app.SpringMessagingApplication | No active profile set, falling back to default profiles: default
2020-04-22 | 09:18:57.760 [restartedMain] INFO  c.s.app.SpringMessagingApplication | Started SpringMessagingApplication in 2.018 seconds (JVM running for 3.458)
2020-04-22 | 09:19:42.722 [http-nio-8181-exec-1] DEBUG c.s.a.c.IntegrationContoller | This is a DEBUG message.
2020-04-22 | 09:19:42.722 [http-nio-8181-exec-1] INFO  c.s.a.c.IntegrationContoller | This is an INFO message.
2020-04-22 | 09:19:42.722 [http-nio-8181-exec-1] WARN  c.s.a.c.IntegrationContoller | This is a WARN message.
2020-04-22 | 09:19:42.722 [http-nio-8181-exec-1] ERROR c.s.a.c.IntegrationContoller | You guessed it, an ERROR message.
2020-04-22 | 09:24:26.389 [http-nio-8181-exec-5] DEBUG c.s.a.c.IntegrationContoller | This is a DEBUG message.
2020-04-22 | 09:24:26.391 [http-nio-8181-exec-5] INFO  c.s.a.c.IntegrationContoller | This is an INFO message.
2020-04-22 | 09:24:26.393 [http-nio-8181-exec-5] WARN  c.s.a.c.IntegrationContoller | This is a WARN message.
2020-04-22 | 09:24:26.393 [http-nio-8181-exec-5] ERROR c.s.a.c.IntegrationContoller | You guessed it, an ERROR message.
2020-04-22 | 09:24:27.082 [http-nio-8181-exec-7] DEBUG c.s.a.c.IntegrationContoller | This is a DEBUG message.
2020-04-22 | 09:24:27.082 [http-nio-8181-exec-7] INFO  c.s.a.c.IntegrationContoller | This is an INFO message.
2020-04-22 | 09:24:27.083 [http-nio-8181-exec-7] WARN  c.s.a.c.IntegrationContoller | This is a WARN message.
2020-04-22 | 09:24:27.083 [http-nio-8181-exec-7] ERROR c.s.a.c.IntegrationContoller | You guessed it, an ERROR message.
2020-04-22 | 09:24:27.436 [http-nio-8181-exec-6] DEBUG c.s.a.c.IntegrationContoller | This is a DEBUG message.
2020-04-22 | 09:24:27.437 [http-nio-8181-exec-6] INFO  c.s.a.c.IntegrationContoller | This is an INFO message.
2020-04-22 | 09:24:27.437 [http-nio-8181-exec-6] WARN  c.s.a.c.IntegrationContoller | This is a WARN message.
2020-04-22 | 09:24:27.437 [http-nio-8181-exec-6] ERROR c.s.a.c.IntegrationContoller | You guessed it, an ERROR message.
2020-04-22 | 09:24:27.638 [http-nio-8181-exec-8] DEBUG c.s.a.c.IntegrationContoller | This is a DEBUG message.
2020-04-22 | 09:24:27.639 [http-nio-8181-exec-8] INFO  c.s.a.c.IntegrationContoller | This is an INFO message.
2020-04-22 | 09:24:27.640 [http-nio-8181-exec-8] WARN  c.s.a.c.IntegrationContoller | This is a WARN message.
2020-04-22 | 09:24:27.640 [http-nio-8181-exec-8] ERROR c.s.a.c.IntegrationContoller | You guessed it, an ERROR message.
2020-04-22 | 09:24:27.982 [http-nio-8181-exec-9] DEBUG c.s.a.c.IntegrationContoller | This is a DEBUG message.
2020-04-22 | 09:24:27.983 [http-nio-8181-exec-9] INFO  c.s.a.c.IntegrationContoller | This is an INFO message.
2020-04-22 | 09:24:27.983 [http-nio-8181-exec-9] WARN  c.s.a.c.IntegrationContoller | This is a WARN message.
2020-04-22 | 09:24:27.984 [http-nio-8181-exec-9] ERROR c.s.a.c.IntegrationContoller | You guessed it, an ERROR message.
2020-04-22 | 09:24:28.198 [http-nio-8181-exec-10] DEBUG c.s.a.c.IntegrationContoller | This is a DEBUG message.
2020-04-22 | 09:24:28.199 [http-nio-8181-exec-10] INFO  c.s.a.c.IntegrationContoller | This is an INFO message.
2020-04-22 | 09:24:28.199 [http-nio-8181-exec-10] WARN  c.s.a.c.IntegrationContoller | This is a WARN message.
2020-04-22 | 09:24:28.200 [http-nio-8181-exec-10] ERROR c.s.a.c.IntegrationContoller | You guessed it, an ERROR message.
2020-04-22 | 09:25:40.171 [Thread-12] INFO  c.s.app.logic.InitGracefulShutdown | Commencing graceful shutdown, allowing up to 30s for active requests to complete
2020-04-22 | 09:25:40.173 [Thread-12] INFO  c.s.app.logic.InitGracefulShutdown | Graceful shutdown completed
2020-04-22 | 09:25:40.491 [restartedMain] INFO  c.s.app.SpringMessagingApplication | Starting SpringMessagingApplication on DESKTOP-OGS95GR with PID 5924 (D:\Solum\spring-integration\target\classes started by solum20 in D:\Solum\spring-integration)
2020-04-22 | 09:25:40.491 [restartedMain] DEBUG c.s.app.SpringMessagingApplication | Running with Spring Boot v2.2.6.RELEASE, Spring v5.2.5.RELEASE
2020-04-22 | 09:25:40.491 [restartedMain] INFO  c.s.app.SpringMessagingApplication | No active profile set, falling back to default profiles: default
2020-04-22 | 09:25:41.008 [restartedMain] INFO  c.s.app.SpringMessagingApplication | Started SpringMessagingApplication in 0.56 seconds (JVM running for 406.707)
2020-04-22 | 09:26:07.736 [http-nio-8181-exec-2] DEBUG c.s.a.c.IntegrationContoller | This is a DEBUG message.
2020-04-22 | 09:26:07.741 [http-nio-8181-exec-2] INFO  c.s.a.c.IntegrationContoller | This is an INFO message.
2020-04-22 | 09:26:07.742 [http-nio-8181-exec-2] WARN  c.s.a.c.IntegrationContoller | This is a WARN message.
2020-04-22 | 09:26:07.742 [http-nio-8181-exec-2] ERROR c.s.a.c.IntegrationContoller | You guessed it, an ERROR message.
2020-04-22 | 09:28:30.986 [Thread-16] INFO  c.s.app.logic.InitGracefulShutdown | Commencing graceful shutdown, allowing up to 30s for active requests to complete
2020-04-22 | 09:28:30.988 [Thread-16] INFO  c.s.app.logic.InitGracefulShutdown | Graceful shutdown completed
2020-04-22 | 09:35:48.945 [http-nio-8181-exec-1] WARN  c.s.a.c.IntegrationContoller | This is a WARN message.
2020-04-22 | 09:35:48.945 [http-nio-8181-exec-1] ERROR c.s.a.c.IntegrationContoller | You guessed it, an ERROR message.
2020-04-22 | 09:51:26.720 [http-nio-8181-exec-1] WARN  c.s.a.c.IntegrationContoller | This is a WARN message.
2020-04-22 | 09:51:26.721 [http-nio-8181-exec-1] ERROR c.s.a.c.IntegrationContoller | You guessed it, an ERROR message.
2020-04-22 | 10:31:12.697 [http-nio-8181-exec-1] WARN  c.s.a.c.IntegrationContoller | This is a WARN message.
2020-04-22 | 10:31:12.699 [http-nio-8181-exec-1] ERROR c.s.a.c.IntegrationContoller | You guessed it, an ERROR message.
2020-04-22 | 10:35:33.648 [restartedMain] INFO  c.s.app.SpringMessagingApplication | Starting SpringMessagingApplication on DESKTOP-OGS95GR with PID 13696 (D:\Solum\spring-integration\target\classes started by solum20 in D:\Solum\spring-integration)
2020-04-22 | 10:35:33.649 [restartedMain] DEBUG c.s.app.SpringMessagingApplication | Running with Spring Boot v2.2.6.RELEASE, Spring v5.2.5.RELEASE
2020-04-22 | 10:35:33.649 [restartedMain] INFO  c.s.app.SpringMessagingApplication | No active profile set, falling back to default profiles: default
2020-04-22 | 10:35:33.932 [restartedMain] INFO  c.s.app.SpringMessagingApplication | Started SpringMessagingApplication in 0.306 seconds (JVM running for 2994.75)
2020-04-22 | 10:35:43.629 [http-nio-8181-exec-1] TRACE c.s.a.c.IntegrationContoller | This is a TRACE message.
2020-04-22 | 10:35:43.632 [http-nio-8181-exec-1] DEBUG c.s.a.c.IntegrationContoller | This is a DEBUG message.
2020-04-22 | 10:35:43.633 [http-nio-8181-exec-1] INFO  c.s.a.c.IntegrationContoller | This is an INFO message.
2020-04-22 | 10:35:43.633 [http-nio-8181-exec-1] WARN  c.s.a.c.IntegrationContoller | This is a WARN message.
2020-04-22 | 10:35:43.634 [http-nio-8181-exec-1] ERROR c.s.a.c.IntegrationContoller | You guessed it, an ERROR message.
2020-04-22 | 10:37:11.038 [Thread-48] INFO  c.s.app.logic.InitGracefulShutdown | Commencing graceful shutdown, allowing up to 30s for active requests to complete
2020-04-22 | 10:37:11.041 [Thread-48] INFO  c.s.app.logic.InitGracefulShutdown | Graceful shutdown completed
2020-04-22 | 10:37:11.197 [restartedMain] INFO  c.s.app.SpringMessagingApplication | Starting SpringMessagingApplication on DESKTOP-OGS95GR with PID 13696 (D:\Solum\spring-integration\target\classes started by solum20 in D:\Solum\spring-integration)
2020-04-22 | 10:37:11.198 [restartedMain] DEBUG c.s.app.SpringMessagingApplication | Running with Spring Boot v2.2.6.RELEASE, Spring v5.2.5.RELEASE
2020-04-22 | 10:37:11.198 [restartedMain] INFO  c.s.app.SpringMessagingApplication | No active profile set, falling back to default profiles: default
2020-04-22 | 10:37:11.478 [restartedMain] INFO  c.s.app.SpringMessagingApplication | Started SpringMessagingApplication in 0.313 seconds (JVM running for 3092.296)
2020-04-22 | 10:37:59.203 [Thread-54] INFO  c.s.app.logic.InitGracefulShutdown | Commencing graceful shutdown, allowing up to 30s for active requests to complete
2020-04-22 | 10:37:59.206 [Thread-54] INFO  c.s.app.logic.InitGracefulShutdown | Graceful shutdown completed
2020-04-22 | 10:37:59.320 [restartedMain] INFO  c.s.app.SpringMessagingApplication | Starting SpringMessagingApplication on DESKTOP-OGS95GR with PID 13696 (D:\Solum\spring-integration\target\classes started by solum20 in D:\Solum\spring-integration)
2020-04-22 | 10:37:59.320 [restartedMain] DEBUG c.s.app.SpringMessagingApplication | Running with Spring Boot v2.2.6.RELEASE, Spring v5.2.5.RELEASE
2020-04-22 | 10:37:59.320 [restartedMain] INFO  c.s.app.SpringMessagingApplication | No active profile set, falling back to default profiles: default
2020-04-22 | 10:37:59.596 [restartedMain] INFO  c.s.app.SpringMessagingApplication | Started SpringMessagingApplication in 0.296 seconds (JVM running for 3140.415)
2020-04-22 | 10:38:27.154 [RMI TCP Connection(4)-127.0.0.1] INFO  c.s.app.logic.InitGracefulShutdown | Commencing graceful shutdown, allowing up to 30s for active requests to complete
2020-04-22 | 10:38:27.156 [RMI TCP Connection(4)-127.0.0.1] INFO  c.s.app.logic.InitGracefulShutdown | Graceful shutdown completed
2020-04-22 | 10:38:46.505 [restartedMain] INFO  c.s.app.SpringMessagingApplication | Starting SpringMessagingApplication on DESKTOP-OGS95GR with PID 20624 (D:\Solum\spring-integration\target\classes started by solum20 in D:\Solum\spring-integration)
2020-04-22 | 10:38:46.520 [restartedMain] DEBUG c.s.app.SpringMessagingApplication | Running with Spring Boot v2.2.6.RELEASE, Spring v5.2.5.RELEASE
2020-04-22 | 10:38:46.520 [restartedMain] INFO  c.s.app.SpringMessagingApplication | No active profile set, falling back to default profiles: default
2020-04-22 | 10:38:47.822 [restartedMain] INFO  c.s.app.SpringMessagingApplication | Started SpringMessagingApplication in 1.589 seconds (JVM running for 2.825)
2020-04-22 | 10:39:01.239 [http-nio-8181-exec-1] TRACE c.s.a.c.IntegrationContoller | This is a TRACE message.
2020-04-22 | 10:39:01.240 [http-nio-8181-exec-1] DEBUG c.s.a.c.IntegrationContoller | This is a DEBUG message.
2020-04-22 | 10:39:01.240 [http-nio-8181-exec-1] INFO  c.s.a.c.IntegrationContoller | This is an INFO message.
2020-04-22 | 10:39:01.241 [http-nio-8181-exec-1] WARN  c.s.a.c.IntegrationContoller | This is a WARN message.
2020-04-22 | 10:39:01.241 [http-nio-8181-exec-1] ERROR c.s.a.c.IntegrationContoller | You guessed it, an ERROR message.
2020-04-22 | 10:39:40.401 [http-nio-8181-exec-3] TRACE c.s.a.c.IntegrationContoller | This is a TRACE message.
2020-04-22 | 10:39:40.402 [http-nio-8181-exec-3] DEBUG c.s.a.c.IntegrationContoller | This is a DEBUG message.
2020-04-22 | 10:39:40.402 [http-nio-8181-exec-3] INFO  c.s.a.c.IntegrationContoller | This is an INFO message.
2020-04-22 | 10:39:40.403 [http-nio-8181-exec-3] WARN  c.s.a.c.IntegrationContoller | This is a WARN message.
2020-04-22 | 10:39:40.403 [http-nio-8181-exec-3] ERROR c.s.a.c.IntegrationContoller | You guessed it, an ERROR message.
2020-04-22 | 10:40:15.519 [http-nio-8181-exec-5] TRACE c.s.a.c.IntegrationContoller | This is a TRACE message.
2020-04-22 | 10:40:15.521 [http-nio-8181-exec-5] DEBUG c.s.a.c.IntegrationContoller | This is a DEBUG message.
2020-04-22 | 10:40:15.521 [http-nio-8181-exec-5] INFO  c.s.a.c.IntegrationContoller | This is an INFO message.
2020-04-22 | 10:40:15.522 [http-nio-8181-exec-5] WARN  c.s.a.c.IntegrationContoller | This is a WARN message.
2020-04-22 | 10:40:15.522 [http-nio-8181-exec-5] ERROR c.s.a.c.IntegrationContoller | You guessed it, an ERROR message.
2020-04-22 | 10:40:16.211 [http-nio-8181-exec-6] TRACE c.s.a.c.IntegrationContoller | This is a TRACE message.
2020-04-22 | 10:40:16.212 [http-nio-8181-exec-6] DEBUG c.s.a.c.IntegrationContoller | This is a DEBUG message.
2020-04-22 | 10:40:16.212 [http-nio-8181-exec-6] INFO  c.s.a.c.IntegrationContoller | This is an INFO message.
2020-04-22 | 10:40:16.213 [http-nio-8181-exec-6] WARN  c.s.a.c.IntegrationContoller | This is a WARN message.
2020-04-22 | 10:40:16.214 [http-nio-8181-exec-6] ERROR c.s.a.c.IntegrationContoller | You guessed it, an ERROR message.
2020-04-22 | 10:40:16.365 [http-nio-8181-exec-7] TRACE c.s.a.c.IntegrationContoller | This is a TRACE message.
2020-04-22 | 10:40:16.366 [http-nio-8181-exec-7] DEBUG c.s.a.c.IntegrationContoller | This is a DEBUG message.
2020-04-22 | 10:40:16.366 [http-nio-8181-exec-7] INFO  c.s.a.c.IntegrationContoller | This is an INFO message.
2020-04-22 | 10:40:16.366 [http-nio-8181-exec-7] WARN  c.s.a.c.IntegrationContoller | This is a WARN message.
2020-04-22 | 10:40:16.367 [http-nio-8181-exec-7] ERROR c.s.a.c.IntegrationContoller | You guessed it, an ERROR message.
2020-04-22 | 10:40:16.571 [http-nio-8181-exec-8] TRACE c.s.a.c.IntegrationContoller | This is a TRACE message.
2020-04-22 | 10:40:16.572 [http-nio-8181-exec-8] DEBUG c.s.a.c.IntegrationContoller | This is a DEBUG message.
2020-04-22 | 10:40:16.573 [http-nio-8181-exec-8] INFO  c.s.a.c.IntegrationContoller | This is an INFO message.
2020-04-22 | 10:40:16.574 [http-nio-8181-exec-8] WARN  c.s.a.c.IntegrationContoller | This is a WARN message.
2020-04-22 | 10:40:16.574 [http-nio-8181-exec-8] ERROR c.s.a.c.IntegrationContoller | You guessed it, an ERROR message.
2020-04-22 | 10:40:16.740 [http-nio-8181-exec-9] TRACE c.s.a.c.IntegrationContoller | This is a TRACE message.
2020-04-22 | 10:40:16.740 [http-nio-8181-exec-9] DEBUG c.s.a.c.IntegrationContoller | This is a DEBUG message.
2020-04-22 | 10:40:16.741 [http-nio-8181-exec-9] INFO  c.s.a.c.IntegrationContoller | This is an INFO message.
2020-04-22 | 10:40:16.741 [http-nio-8181-exec-9] WARN  c.s.a.c.IntegrationContoller | This is a WARN message.
2020-04-22 | 10:40:16.741 [http-nio-8181-exec-9] ERROR c.s.a.c.IntegrationContoller | You guessed it, an ERROR message.
2020-04-22 | 10:40:16.922 [http-nio-8181-exec-10] TRACE c.s.a.c.IntegrationContoller | This is a TRACE message.
2020-04-22 | 10:40:16.923 [http-nio-8181-exec-10] DEBUG c.s.a.c.IntegrationContoller | This is a DEBUG message.
2020-04-22 | 10:40:16.924 [http-nio-8181-exec-10] INFO  c.s.a.c.IntegrationContoller | This is an INFO message.
2020-04-22 | 10:40:16.924 [http-nio-8181-exec-10] WARN  c.s.a.c.IntegrationContoller | This is a WARN message.
2020-04-22 | 10:40:16.925 [http-nio-8181-exec-10] ERROR c.s.a.c.IntegrationContoller | You guessed it, an ERROR message.
2020-04-22 | 10:40:17.061 [http-nio-8181-exec-1] TRACE c.s.a.c.IntegrationContoller | This is a TRACE message.
2020-04-22 | 10:40:17.061 [http-nio-8181-exec-1] DEBUG c.s.a.c.IntegrationContoller | This is a DEBUG message.
2020-04-22 | 10:40:17.061 [http-nio-8181-exec-1] INFO  c.s.a.c.IntegrationContoller | This is an INFO message.
2020-04-22 | 10:40:17.062 [http-nio-8181-exec-1] WARN  c.s.a.c.IntegrationContoller | This is a WARN message.
2020-04-22 | 10:40:17.062 [http-nio-8181-exec-1] ERROR c.s.a.c.IntegrationContoller | You guessed it, an ERROR message.
2020-04-22 | 10:40:17.278 [http-nio-8181-exec-2] TRACE c.s.a.c.IntegrationContoller | This is a TRACE message.
2020-04-22 | 10:40:17.279 [http-nio-8181-exec-2] DEBUG c.s.a.c.IntegrationContoller | This is a DEBUG message.
2020-04-22 | 10:40:17.280 [http-nio-8181-exec-2] INFO  c.s.a.c.IntegrationContoller | This is an INFO message.
2020-04-22 | 10:40:17.281 [http-nio-8181-exec-2] WARN  c.s.a.c.IntegrationContoller | This is a WARN message.
2020-04-22 | 10:40:17.281 [http-nio-8181-exec-2] ERROR c.s.a.c.IntegrationContoller | You guessed it, an ERROR message.
2020-04-22 | 10:41:26.034 [Thread-12] INFO  c.s.app.logic.InitGracefulShutdown | Commencing graceful shutdown, allowing up to 30s for active requests to complete
2020-04-22 | 10:41:26.035 [Thread-12] INFO  c.s.app.logic.InitGracefulShutdown | Graceful shutdown completed
2020-04-22 | 10:41:26.241 [restartedMain] INFO  c.s.app.SpringMessagingApplication | Starting SpringMessagingApplication on DESKTOP-OGS95GR with PID 20624 (D:\Solum\spring-integration\target\classes started by solum20 in D:\Solum\spring-integration)
2020-04-22 | 10:41:26.241 [restartedMain] DEBUG c.s.app.SpringMessagingApplication | Running with Spring Boot v2.2.6.RELEASE, Spring v5.2.5.RELEASE
2020-04-22 | 10:41:26.242 [restartedMain] INFO  c.s.app.SpringMessagingApplication | No active profile set, falling back to default profiles: default
2020-04-22 | 10:41:26.598 [restartedMain] INFO  c.s.app.SpringMessagingApplication | Started SpringMessagingApplication in 0.383 seconds (JVM running for 161.601)
2020-04-22 | 10:47:44.959 [Thread-20] INFO  c.s.app.logic.InitGracefulShutdown | Commencing graceful shutdown, allowing up to 30s for active requests to complete
2020-04-22 | 10:47:44.964 [Thread-20] INFO  c.s.app.logic.InitGracefulShutdown | Graceful shutdown completed
2020-04-22 | 10:47:45.186 [restartedMain] INFO  c.s.app.SpringMessagingApplication | Starting SpringMessagingApplication on DESKTOP-OGS95GR with PID 20624 (D:\Solum\spring-integration\target\classes started by solum20 in D:\Solum\spring-integration)
2020-04-22 | 10:47:45.187 [restartedMain] DEBUG c.s.app.SpringMessagingApplication | Running with Spring Boot v2.2.6.RELEASE, Spring v5.2.5.RELEASE
2020-04-22 | 10:47:45.187 [restartedMain] INFO  c.s.app.SpringMessagingApplication | No active profile set, falling back to default profiles: default
2020-04-22 | 10:47:45.529 [restartedMain] INFO  c.s.app.SpringMessagingApplication | Started SpringMessagingApplication in 0.378 seconds (JVM running for 540.531)
2020-04-22 | 10:48:05.354 [RMI TCP Connection(4)-127.0.0.1] INFO  c.s.app.logic.InitGracefulShutdown | Commencing graceful shutdown, allowing up to 30s for active requests to complete
2020-04-22 | 10:48:05.357 [RMI TCP Connection(4)-127.0.0.1] INFO  c.s.app.logic.InitGracefulShutdown | Graceful shutdown completed
2020-04-22 | 10:49:42.967 [restartedMain] INFO  c.s.app.SpringMessagingApplication | Starting SpringMessagingApplication on DESKTOP-OGS95GR with PID 15284 (D:\Solum\spring-integration\target\classes started by solum20 in D:\Solum\spring-integration)
2020-04-22 | 10:49:42.981 [restartedMain] DEBUG c.s.app.SpringMessagingApplication | Running with Spring Boot v2.2.6.RELEASE, Spring v5.2.5.RELEASE
2020-04-22 | 10:49:42.981 [restartedMain] INFO  c.s.app.SpringMessagingApplication | No active profile set, falling back to default profiles: default
2020-04-22 | 10:49:44.273 [restartedMain] INFO  c.s.app.SpringMessagingApplication | Started SpringMessagingApplication in 1.558 seconds (JVM running for 2.681)
2020-04-22 | 10:50:16.561 [http-nio-8181-exec-1] TRACE c.s.a.c.IntegrationContoller | This is a TRACE message.
2020-04-22 | 10:50:16.561 [http-nio-8181-exec-1] DEBUG c.s.a.c.IntegrationContoller | This is a DEBUG message.
2020-04-22 | 10:50:16.562 [http-nio-8181-exec-1] INFO  c.s.a.c.IntegrationContoller | This is an INFO message.
2020-04-22 | 10:50:16.562 [http-nio-8181-exec-1] WARN  c.s.a.c.IntegrationContoller | This is a WARN message.
2020-04-22 | 10:50:16.562 [http-nio-8181-exec-1] ERROR c.s.a.c.IntegrationContoller | You guessed it, an ERROR message.
2020-04-22 | 10:50:22.540 [http-nio-8181-exec-2] TRACE c.s.a.c.IntegrationContoller | This is a TRACE message.
2020-04-22 | 10:50:22.541 [http-nio-8181-exec-2] DEBUG c.s.a.c.IntegrationContoller | This is a DEBUG message.
2020-04-22 | 10:50:22.541 [http-nio-8181-exec-2] INFO  c.s.a.c.IntegrationContoller | This is an INFO message.
2020-04-22 | 10:50:22.542 [http-nio-8181-exec-2] WARN  c.s.a.c.IntegrationContoller | This is a WARN message.
2020-04-22 | 10:50:22.543 [http-nio-8181-exec-2] ERROR c.s.a.c.IntegrationContoller | You guessed it, an ERROR message.
2020-04-22 | 10:55:51.858 [Thread-12] INFO  c.s.app.logic.InitGracefulShutdown | Commencing graceful shutdown, allowing up to 30s for active requests to complete
2020-04-22 | 10:55:51.860 [Thread-12] INFO  c.s.app.logic.InitGracefulShutdown | Graceful shutdown completed
2020-04-22 | 10:55:52.065 [restartedMain] INFO  c.s.app.SpringMessagingApplication | Starting SpringMessagingApplication on DESKTOP-OGS95GR with PID 15284 (D:\Solum\spring-integration\target\classes started by solum20 in D:\Solum\spring-integration)
2020-04-22 | 10:55:52.066 [restartedMain] DEBUG c.s.app.SpringMessagingApplication | Running with Spring Boot v2.2.6.RELEASE, Spring v5.2.5.RELEASE
2020-04-22 | 10:55:52.066 [restartedMain] INFO  c.s.app.SpringMessagingApplication | No active profile set, falling back to default profiles: default
2020-04-22 | 10:55:52.424 [restartedMain] INFO  c.s.app.SpringMessagingApplication | Started SpringMessagingApplication in 0.384 seconds (JVM running for 370.833)
2020-04-22 | 10:56:28.086 [http-nio-8181-exec-1] DEBUG c.s.a.c.IntegrationContoller | This is a DEBUG message.
2020-04-22 | 10:56:28.090 [http-nio-8181-exec-1] INFO  c.s.a.c.IntegrationContoller | This is an INFO message.
2020-04-22 | 10:56:28.091 [http-nio-8181-exec-1] WARN  c.s.a.c.IntegrationContoller | This is a WARN message.
2020-04-22 | 10:56:28.092 [http-nio-8181-exec-1] ERROR c.s.a.c.IntegrationContoller | You guessed it, an ERROR message.
2020-04-22 | 10:57:53.303 [Thread-19] INFO  c.s.app.logic.InitGracefulShutdown | Commencing graceful shutdown, allowing up to 30s for active requests to complete
2020-04-22 | 10:57:53.312 [Thread-19] INFO  c.s.app.logic.InitGracefulShutdown | Graceful shutdown completed
2020-04-22 | 10:57:53.603 [restartedMain] INFO  c.s.app.SpringMessagingApplication | Starting SpringMessagingApplication on DESKTOP-OGS95GR with PID 15284 (D:\Solum\spring-integration\target\classes started by solum20 in D:\Solum\spring-integration)
2020-04-22 | 10:57:53.604 [restartedMain] DEBUG c.s.app.SpringMessagingApplication | Running with Spring Boot v2.2.6.RELEASE, Spring v5.2.5.RELEASE
2020-04-22 | 10:57:53.604 [restartedMain] INFO  c.s.app.SpringMessagingApplication | No active profile set, falling back to default profiles: default
2020-04-22 | 10:57:53.912 [restartedMain] INFO  c.s.app.SpringMessagingApplication | Started SpringMessagingApplication in 0.342 seconds (JVM running for 492.321)
2020-04-22 | 10:59:53.744 [Thread-27] INFO  c.s.app.logic.InitGracefulShutdown | Commencing graceful shutdown, allowing up to 30s for active requests to complete
2020-04-22 | 10:59:53.749 [Thread-27] INFO  c.s.app.logic.InitGracefulShutdown | Graceful shutdown completed
2020-04-22 | 10:59:53.986 [restartedMain] INFO  c.s.app.SpringMessagingApplication | Starting SpringMessagingApplication on DESKTOP-OGS95GR with PID 15284 (D:\Solum\spring-integration\target\classes started by solum20 in D:\Solum\spring-integration)
2020-04-22 | 10:59:53.986 [restartedMain] DEBUG c.s.app.SpringMessagingApplication | Running with Spring Boot v2.2.6.RELEASE, Spring v5.2.5.RELEASE
2020-04-22 | 10:59:53.986 [restartedMain] INFO  c.s.app.SpringMessagingApplication | No active profile set, falling back to default profiles: default
2020-04-22 | 10:59:54.298 [restartedMain] INFO  c.s.app.SpringMessagingApplication | Started SpringMessagingApplication in 0.333 seconds (JVM running for 612.706)
2020-04-22 | 11:00:06.643 [http-nio-8181-exec-2] DEBUG c.s.a.c.IntegrationContoller | This is a DEBUG message.
2020-04-22 | 11:00:06.645 [http-nio-8181-exec-2] INFO  c.s.a.c.IntegrationContoller | This is an INFO message.
2020-04-22 | 11:00:06.646 [http-nio-8181-exec-2] WARN  c.s.a.c.IntegrationContoller | This is a WARN message.
2020-04-22 | 11:00:06.646 [http-nio-8181-exec-2] ERROR c.s.a.c.IntegrationContoller | You guessed it, an ERROR message.
2020-04-22 | 11:00:12.177 [http-nio-8181-exec-1] DEBUG c.s.a.c.IntegrationContoller | This is a DEBUG message.
2020-04-22 | 11:00:12.178 [http-nio-8181-exec-1] INFO  c.s.a.c.IntegrationContoller | This is an INFO message.
2020-04-22 | 11:00:12.179 [http-nio-8181-exec-1] WARN  c.s.a.c.IntegrationContoller | This is a WARN message.
2020-04-22 | 11:00:12.181 [http-nio-8181-exec-1] ERROR c.s.a.c.IntegrationContoller | You guessed it, an ERROR message.
2020-04-22 | 11:00:13.522 [http-nio-8181-exec-3] DEBUG c.s.a.c.IntegrationContoller | This is a DEBUG message.
2020-04-22 | 11:00:13.524 [http-nio-8181-exec-3] INFO  c.s.a.c.IntegrationContoller | This is an INFO message.
2020-04-22 | 11:00:13.525 [http-nio-8181-exec-3] WARN  c.s.a.c.IntegrationContoller | This is a WARN message.
2020-04-22 | 11:00:13.526 [http-nio-8181-exec-3] ERROR c.s.a.c.IntegrationContoller | You guessed it, an ERROR message.
2020-04-22 | 11:03:58.567 [RMI TCP Connection(4)-127.0.0.1] INFO  c.s.app.logic.InitGracefulShutdown | Commencing graceful shutdown, allowing up to 30s for active requests to complete
2020-04-22 | 11:03:58.571 [RMI TCP Connection(4)-127.0.0.1] INFO  c.s.app.logic.InitGracefulShutdown | Graceful shutdown completed
